<?xml version="1.0" encoding="UTF-8"?>
<!-- Generated by org.testng.reporters.JUnitReportReporter -->
<testsuite skipped="0" hostname="LAPTOP-D0CIFDTL" name="package1.Video_37_selectByIndexCommand" tests="1" failures="0" timestamp="2022-12-01T23:53:25 IST" time="8.258" errors="0">
  <testcase name="f1" time="8.258" classname="package1.Video_37_selectByIndexCommand"/>
  <system-out/>
</testsuite> <!-- package1.Video_37_selectByIndexCommand -->
