<?xml version="1.0" encoding="UTF-8"?>
<!-- Generated by org.testng.reporters.JUnitReportReporter -->
<testsuite skipped="0" hostname="LAPTOP-D0CIFDTL" name="package1.Video_65_DragAndDropCommand" tests="1" failures="0" timestamp="2022-12-02T20:30:12 IST" time="9.250" errors="0">
  <testcase name="f1" time="9.250" classname="package1.Video_65_DragAndDropCommand"/>
  <system-out/>
</testsuite> <!-- package1.Video_65_DragAndDropCommand -->
