<?xml version="1.0" encoding="UTF-8"?>
<!-- Generated by org.testng.reporters.JUnitReportReporter -->
<testsuite skipped="0" hostname="LAPTOP-D0CIFDTL" name="package1.Video_29_getSizeCommand" tests="1" failures="0" timestamp="2022-12-01T22:48:22 IST" time="6.713" errors="0">
  <testcase name="f1" time="6.713" classname="package1.Video_29_getSizeCommand"/>
  <system-out/>
</testsuite> <!-- package1.Video_29_getSizeCommand -->
