<?xml version="1.0" encoding="UTF-8"?>
<!-- Generated by org.testng.reporters.JUnitReportReporter -->
<testsuite skipped="0" hostname="LAPTOP-D0CIFDTL" name="package1.Video_72_executeAysyncScript_Command" tests="1" failures="0" timestamp="2022-12-02T22:43:25 IST" time="7.727" errors="0">
  <testcase name="f1" time="7.727" classname="package1.Video_72_executeAysyncScript_Command"/>
  <system-out/>
</testsuite> <!-- package1.Video_72_executeAysyncScript_Command -->
