<?xml version="1.0" encoding="UTF-8"?>
<!-- Generated by org.testng.reporters.JUnitReportReporter -->
<testsuite skipped="0" hostname="LAPTOP-D0CIFDTL" name="package1.Video_63_ConextClickCommand" tests="1" failures="0" timestamp="2022-12-02T20:19:51 IST" time="9.858" errors="0">
  <testcase name="f1" time="9.858" classname="package1.Video_63_ConextClickCommand"/>
  <system-out/>
</testsuite> <!-- package1.Video_63_ConextClickCommand -->
