<?xml version="1.0" encoding="UTF-8"?>
<!-- Generated by org.testng.reporters.JUnitReportReporter -->
<testsuite skipped="1" hostname="LAPTOP-D0CIFDTL" name="package1.Video_03_FullScreenCommand" tests="2" failures="0" timestamp="2022-11-30T23:07:38 IST" time="6.749" errors="0">
  <testcase name="f1" time="6.749" classname="package1.Video_03_FullScreenCommand"/>
  <system-out/>
  <testcase name="f2" classname="package1.Video_03_FullScreenCommand">
    <skipped/>
  </testcase> <!-- f2 -->
  <system-out/>
</testsuite> <!-- package1.Video_03_FullScreenCommand -->
