<?xml version="1.0" encoding="UTF-8"?>
<!-- Generated by org.testng.reporters.JUnitReportReporter -->
<testsuite skipped="0" hostname="LAPTOP-D0CIFDTL" name="package1.Video_59_sendKeysCommandOfAlertInterface_Command" tests="1" failures="0" timestamp="2022-12-02T11:02:29 IST" time="18.256" errors="0">
  <testcase name="f1" time="18.256" classname="package1.Video_59_sendKeysCommandOfAlertInterface_Command"/>
  <system-out/>
</testsuite> <!-- package1.Video_59_sendKeysCommandOfAlertInterface_Command -->
