<?xml version="1.0" encoding="UTF-8"?>
<!-- Generated by org.testng.reporters.JUnitReportReporter -->
<testsuite skipped="0" hostname="LAPTOP-D0CIFDTL" name="package1.Video_22_IsEnabledCommand" tests="1" failures="0" timestamp="2022-12-01T21:23:57 IST" time="10.148" errors="0">
  <testcase name="f1" time="10.148" classname="package1.Video_22_IsEnabledCommand"/>
  <system-out/>
</testsuite> <!-- package1.Video_22_IsEnabledCommand -->
