<?xml version="1.0" encoding="UTF-8"?>
<!-- Generated by org.testng.reporters.JUnitReportReporter -->
<testsuite skipped="0" hostname="LAPTOP-D0CIFDTL" name="package1.Video_56_invisibiltyOfElementLocatedCommand" tests="1" failures="0" timestamp="2022-12-02T09:58:37 IST" time="34.625" errors="0">
  <testcase name="f1" time="34.625" classname="package1.Video_56_invisibiltyOfElementLocatedCommand"/>
  <system-out/>
</testsuite> <!-- package1.Video_56_invisibiltyOfElementLocatedCommand -->
