<?xml version="1.0" encoding="UTF-8"?>
<!-- Generated by org.testng.reporters.JUnitReportReporter -->
<testsuite skipped="0" hostname="LAPTOP-D0CIFDTL" name="package1.Video_76_deleteCookieNamedCommand" tests="1" failures="0" timestamp="2022-12-02T23:07:41 IST" time="6.176" errors="0">
  <testcase name="f1" time="6.176" classname="package1.Video_76_deleteCookieNamedCommand"/>
  <system-out/>
</testsuite> <!-- package1.Video_76_deleteCookieNamedCommand -->
