<?xml version="1.0" encoding="UTF-8"?>
<!-- Generated by org.testng.reporters.JUnitReportReporter -->
<testsuite skipped="0" hostname="LAPTOP-D0CIFDTL" name="package1.Video_62_DragAndDropCommand" tests="1" failures="0" timestamp="2022-12-02T20:12:06 IST" time="13.072" errors="0">
  <testcase name="f1" time="13.072" classname="package1.Video_62_DragAndDropCommand"/>
  <system-out/>
</testsuite> <!-- package1.Video_62_DragAndDropCommand -->
