<?xml version="1.0" encoding="UTF-8"?>
<!-- Generated by org.testng.reporters.JUnitReportReporter -->
<testsuite skipped="0" hostname="LAPTOP-D0CIFDTL" name="package1.Video_51_pageLoadCommand" tests="1" failures="0" timestamp="2022-12-02T08:32:03 IST" time="12.772" errors="0">
  <testcase name="f1" time="12.772" classname="package1.Video_51_pageLoadCommand"/>
  <system-out/>
</testsuite> <!-- package1.Video_51_pageLoadCommand -->
