<?xml version="1.0" encoding="UTF-8"?>
<!-- Generated by org.testng.reporters.JUnitReportReporter -->
<testsuite skipped="0" hostname="LAPTOP-D0CIFDTL" name="package1.Video_30_getLocationCommand" tests="1" failures="0" timestamp="2022-12-01T22:54:16 IST" time="9.087" errors="0">
  <testcase name="f1" time="9.087" classname="package1.Video_30_getLocationCommand"/>
  <system-out/>
</testsuite> <!-- package1.Video_30_getLocationCommand -->
