<?xml version="1.0" encoding="UTF-8"?>
<!-- Generated by org.testng.reporters.JUnitReportReporter -->
<testsuite skipped="0" hostname="LAPTOP-D0CIFDTL" name="package1.Video_21_IsDisaplayedCommand" tests="1" failures="0" timestamp="2022-12-01T10:35:50 IST" time="10.343" errors="0">
  <testcase name="f1" time="10.343" classname="package1.Video_21_IsDisaplayedCommand"/>
  <system-out/>
</testsuite> <!-- package1.Video_21_IsDisaplayedCommand -->
