<?xml version="1.0" encoding="UTF-8"?>
<!-- Generated by org.testng.reporters.JUnitReportReporter -->
<testsuite skipped="0" hostname="LAPTOP-D0CIFDTL" name="package1.Video_61_Alert_ClickCommand" tests="1" failures="0" timestamp="2022-12-02T11:14:43 IST" time="14.502" errors="0">
  <testcase name="f1" time="14.502" classname="package1.Video_61_Alert_ClickCommand"/>
  <system-out/>
</testsuite> <!-- package1.Video_61_Alert_ClickCommand -->
