<?xml version="1.0" encoding="UTF-8"?>
<!-- Generated by org.testng.reporters.JUnitReportReporter -->
<testsuite skipped="0" hostname="LAPTOP-D0CIFDTL" name="package1.Video_71_executeScript_Command" tests="1" failures="0" timestamp="2022-12-02T22:18:46 IST" time="8.784" errors="0">
  <testcase name="f1" time="8.784" classname="package1.Video_71_executeScript_Command"/>
  <system-out/>
</testsuite> <!-- package1.Video_71_executeScript_Command -->
