<?xml version="1.0" encoding="UTF-8"?>
<!-- Generated by org.testng.reporters.JUnitReportReporter -->
<testsuite skipped="0" hostname="LAPTOP-D0CIFDTL" name="package1.Video_78_deleteAllCookiesCommand" tests="1" failures="0" timestamp="2022-12-02T23:12:50 IST" time="6.591" errors="0">
  <testcase name="f1" time="6.591" classname="package1.Video_78_deleteAllCookiesCommand"/>
  <system-out/>
</testsuite> <!-- package1.Video_78_deleteAllCookiesCommand -->
