<?xml version="1.0" encoding="UTF-8"?>
<!-- Generated by org.testng.reporters.JUnitReportReporter -->
<testsuite skipped="0" hostname="LAPTOP-D0CIFDTL" name="package1.Video_35_getWindowHandle_getWindowHandles_switchTo_window_Command" tests="1" failures="0" timestamp="2022-12-01T23:43:40 IST" time="10.536" errors="0">
  <testcase name="f1" time="10.536" classname="package1.Video_35_getWindowHandle_getWindowHandles_switchTo_window_Command"/>
  <system-out/>
</testsuite> <!-- package1.Video_35_getWindowHandle_getWindowHandles_switchTo_window_Command -->
