<?xml version="1.0" encoding="UTF-8"?>
<!-- Generated by org.testng.reporters.JUnitReportReporter -->
<testsuite skipped="0" hostname="LAPTOP-D0CIFDTL" name="package1.Video_38_selectByValueCommand" tests="1" failures="0" timestamp="2022-12-01T23:55:59 IST" time="9.314" errors="0">
  <testcase name="f1" time="9.314" classname="package1.Video_38_selectByValueCommand"/>
  <system-out/>
</testsuite> <!-- package1.Video_38_selectByValueCommand -->
