<?xml version="1.0" encoding="UTF-8"?>
<!-- Generated by org.testng.reporters.JUnitReportReporter -->
<testsuite skipped="0" hostname="LAPTOP-D0CIFDTL" name="package1.Video_39_isMultipleCommand" tests="1" failures="0" timestamp="2022-12-02T00:06:06 IST" time="10.497" errors="0">
  <testcase name="f1" time="10.497" classname="package1.Video_39_isMultipleCommand"/>
  <system-out/>
</testsuite> <!-- package1.Video_39_isMultipleCommand -->
