<?xml version="1.0" encoding="UTF-8"?>
<!-- Generated by org.testng.reporters.JUnitReportReporter -->
<testsuite skipped="0" hostname="LAPTOP-D0CIFDTL" name="package1.Video_27_submitCommand" tests="1" failures="0" timestamp="2022-12-01T22:41:04 IST" time="7.738" errors="0">
  <testcase name="f1" time="7.738" classname="package1.Video_27_submitCommand"/>
  <system-out/>
</testsuite> <!-- package1.Video_27_submitCommand -->
