<?xml version="1.0" encoding="UTF-8"?>
<!-- Generated by org.testng.reporters.JUnitReportReporter -->
<testsuite skipped="0" hostname="LAPTOP-D0CIFDTL" name="package1.Video_04_getSizeCommand" tests="1" failures="0" timestamp="2022-11-30T23:14:37 IST" time="8.069" errors="0">
  <testcase name="f1" time="8.069" classname="package1.Video_04_getSizeCommand"/>
  <system-out/>
</testsuite> <!-- package1.Video_04_getSizeCommand -->
