<?xml version="1.0" encoding="UTF-8"?>
<!-- Generated by org.testng.reporters.JUnitReportReporter -->
<testsuite skipped="0" hostname="LAPTOP-D0CIFDTL" name="package1.Video_60_moveToCommand" tests="1" failures="0" timestamp="2022-12-02T11:09:01 IST" time="8.186" errors="0">
  <testcase name="f1" time="8.186" classname="package1.Video_60_moveToCommand"/>
  <system-out/>
</testsuite> <!-- package1.Video_60_moveToCommand -->
