<?xml version="1.0" encoding="UTF-8"?>
<!-- Generated by org.testng.reporters.JUnitReportReporter -->
<testsuite skipped="0" hostname="LAPTOP-D0CIFDTL" name="package1.Video_46_frameCommand" tests="1" failures="0" timestamp="2022-12-02T00:41:02 IST" time="9.791" errors="0">
  <testcase name="f1" time="9.791" classname="package1.Video_46_frameCommand"/>
  <system-out/>
</testsuite> <!-- package1.Video_46_frameCommand -->
