<?xml version="1.0" encoding="UTF-8"?>
<!-- Generated by org.testng.reporters.JUnitReportReporter -->
<testsuite skipped="0" hostname="LAPTOP-D0CIFDTL" name="package1.Video_45_deSelectAllCommand" tests="1" failures="0" timestamp="2022-12-02T00:23:36 IST" time="8.852" errors="0">
  <testcase name="f1" time="8.852" classname="package1.Video_45_deSelectAllCommand"/>
  <system-out/>
</testsuite> <!-- package1.Video_45_deSelectAllCommand -->
