<?xml version="1.0" encoding="UTF-8"?>
<!-- Generated by org.testng.reporters.JUnitReportReporter -->
<testsuite skipped="0" hostname="LAPTOP-D0CIFDTL" name="package1.Video_41_AllSelectedOptionsCommand" tests="1" failures="0" timestamp="2022-12-02T00:19:11 IST" time="7.893" errors="0">
  <testcase name="f1" time="7.893" classname="package1.Video_41_AllSelectedOptionsCommand"/>
  <system-out/>
</testsuite> <!-- package1.Video_41_AllSelectedOptionsCommand -->
