<?xml version="1.0" encoding="UTF-8"?>
<!-- Generated by org.testng.reporters.JUnitReportReporter -->
<testsuite skipped="0" hostname="LAPTOP-D0CIFDTL" name="package1.Video_35_getClassCommand" tests="1" failures="0" timestamp="2022-12-01T23:25:52 IST" time="8.570" errors="0">
  <testcase name="f1" time="8.570" classname="package1.Video_35_getClassCommand"/>
  <system-out/>
</testsuite> <!-- package1.Video_35_getClassCommand -->
