<?xml version="1.0" encoding="UTF-8"?>
<!-- Generated by org.testng.reporters.JUnitReportReporter -->
<testsuite skipped="0" hostname="LAPTOP-D0CIFDTL" name="package1.Video_58_isAlertPresent_Command" tests="1" failures="0" timestamp="2022-12-02T10:54:52 IST" time="9.633" errors="0">
  <testcase name="f1" time="9.633" classname="package1.Video_58_isAlertPresent_Command"/>
  <system-out/>
</testsuite> <!-- package1.Video_58_isAlertPresent_Command -->
