<?xml version="1.0" encoding="UTF-8"?>
<!-- Generated by org.testng.reporters.JUnitReportReporter -->
<testsuite skipped="0" hostname="LAPTOP-D0CIFDTL" name="package1.Video_48_frameCommand" tests="1" failures="0" timestamp="2022-12-02T01:20:42 IST" time="10.311" errors="0">
  <testcase name="f1" time="10.311" classname="package1.Video_48_frameCommand"/>
  <system-out/>
</testsuite> <!-- package1.Video_48_frameCommand -->
