<?xml version="1.0" encoding="UTF-8"?>
<!-- Generated by org.testng.reporters.JUnitReportReporter -->
<testsuite skipped="0" hostname="LAPTOP-D0CIFDTL" name="package1.Video_73_GetCookieCommand" tests="1" failures="0" timestamp="2022-12-02T22:51:49 IST" time="6.458" errors="0">
  <testcase name="f1" time="6.458" classname="package1.Video_73_GetCookieCommand"/>
  <system-out/>
</testsuite> <!-- package1.Video_73_GetCookieCommand -->
