<?xml version="1.0" encoding="UTF-8"?>
<!-- Generated by org.testng.reporters.JUnitReportReporter -->
<testsuite skipped="0" hostname="LAPTOP-D0CIFDTL" name="package1.Video_24_getScreenshotAsCommand" tests="1" failures="0" timestamp="2022-12-01T21:39:02 IST" time="7.656" errors="0">
  <testcase name="f1" time="7.656" classname="package1.Video_24_getScreenshotAsCommand"/>
  <system-out/>
</testsuite> <!-- package1.Video_24_getScreenshotAsCommand -->
