<?xml version="1.0" encoding="UTF-8"?>
<!-- Generated by org.testng.reporters.JUnitReportReporter -->
<testsuite skipped="0" hostname="LAPTOP-D0CIFDTL" name="package1.Video_26_navigateCommand" tests="1" failures="0" timestamp="2022-12-01T22:21:58 IST" time="17.498" errors="0">
  <testcase name="f1" time="17.498" classname="package1.Video_26_navigateCommand"/>
  <system-out/>
</testsuite> <!-- package1.Video_26_navigateCommand -->
