<?xml version="1.0" encoding="UTF-8"?>
<!-- Generated by org.testng.reporters.JUnitReportReporter -->
<testsuite skipped="0" hostname="LAPTOP-D0CIFDTL" name="package1.Video_55_elementToBeClickableCommand" tests="1" failures="0" timestamp="2022-12-02T09:45:28 IST" time="18.464" errors="0">
  <testcase name="f1" time="18.464" classname="package1.Video_55_elementToBeClickableCommand"/>
  <system-out/>
</testsuite> <!-- package1.Video_55_elementToBeClickableCommand -->
