<?xml version="1.0" encoding="UTF-8"?>
<!-- Generated by org.testng.reporters.JUnitReportReporter -->
<testsuite skipped="0" hostname="LAPTOP-D0CIFDTL" name="package1.Video_68_chord_Command" tests="1" failures="0" timestamp="2022-12-02T20:58:47 IST" time="11.960" errors="0">
  <testcase name="f1" time="11.960" classname="package1.Video_68_chord_Command"/>
  <system-out/>
</testsuite> <!-- package1.Video_68_chord_Command -->
