<?xml version="1.0" encoding="UTF-8"?>
<!-- Generated by org.testng.reporters.JUnitReportReporter -->
<testsuite skipped="0" hostname="LAPTOP-D0CIFDTL" name="package1.Video_25_getPageSourceCommand" tests="1" failures="0" timestamp="2022-12-01T21:42:16 IST" time="8.193" errors="0">
  <testcase name="f1" time="8.193" classname="package1.Video_25_getPageSourceCommand"/>
  <system-out/>
</testsuite> <!-- package1.Video_25_getPageSourceCommand -->
