<?xml version="1.0" encoding="UTF-8"?>
<!-- Generated by org.testng.reporters.JUnitReportReporter -->
<testsuite skipped="0" hostname="LAPTOP-D0CIFDTL" name="package1.Video_70_Build_Perform_ActionClass_Command" tests="1" failures="0" timestamp="2022-12-02T21:24:12 IST" time="11.018" errors="0">
  <testcase name="f1" time="11.018" classname="package1.Video_70_Build_Perform_ActionClass_Command"/>
  <system-out/>
</testsuite> <!-- package1.Video_70_Build_Perform_ActionClass_Command -->
